c:\студенты\4233\хасанов\лаба4\result\result\debug\исходный код.obj
c:\студенты\4233\хасанов\лаба4\result\result\debug\vc110.pdb
c:\студенты\4233\хасанов\лаба4\result\debug\result.ilk
c:\студенты\4233\хасанов\лаба4\result\debug\result.exe
c:\студенты\4233\хасанов\лаба4\result\debug\result.pdb
c:\users\almaz\desktop\л4ос_ласт\result\result\debug\vc140.pdb
c:\users\almaz\desktop\л4ос_ласт\result\result\debug\vc140.idb
c:\users\almaz\desktop\л4ос_ласт\result\debug\result.ilk
c:\users\almaz\desktop\л4ос_ласт\result\debug\result.exe
c:\users\almaz\desktop\л4ос_ласт\result\debug\result.pdb
c:\users\almaz\desktop\л4ос_ласт\result\result\debug\cl.command.1.tlog
c:\users\almaz\desktop\л4ос_ласт\result\result\debug\cl.read.1.tlog
c:\users\almaz\desktop\л4ос_ласт\result\result\debug\cl.write.1.tlog
c:\users\almaz\desktop\л4ос_ласт\result\result\debug\link-cvtres.read.1.tlog
c:\users\almaz\desktop\л4ос_ласт\result\result\debug\link-cvtres.write.1.tlog
c:\users\almaz\desktop\л4ос_ласт\result\result\debug\link-rc.read.1.tlog
c:\users\almaz\desktop\л4ос_ласт\result\result\debug\link-rc.write.1.tlog
c:\users\almaz\desktop\л4ос_ласт\result\result\debug\link.command.1.tlog
c:\users\almaz\desktop\л4ос_ласт\result\result\debug\link.read.1.tlog
c:\users\almaz\desktop\л4ос_ласт\result\result\debug\link.write.1.tlog
c:\users\almaz\desktop\л4ос_ласт\result\result\debug\vc110.idb
c:\users\almaz\desktop\л4ос_ласт\result\result\debug\vc110.pdb
c:\users\almaz\desktop\л4ос_ласт\result\result\debug\result.tlog\cl.command.1.tlog
c:\users\almaz\desktop\л4ос_ласт\result\result\debug\result.tlog\cl.read.1.tlog
c:\users\almaz\desktop\л4ос_ласт\result\result\debug\result.tlog\cl.write.1.tlog
c:\users\almaz\desktop\л4ос_ласт\result\result\debug\result.tlog\link.command.1.tlog
c:\users\almaz\desktop\л4ос_ласт\result\result\debug\result.tlog\link.read.1.tlog
c:\users\almaz\desktop\л4ос_ласт\result\result\debug\result.tlog\link.write.1.tlog
