C:\Студенты\4233\Хасанов\Лаба4\RESULT\RESULT\DEBUG\Исходный код.OBJ
C:\СТУДЕНТЫ\4233\ХАСАНОВ\ЛАБА4\RESULT\RESULT\DEBUG\VC110.PDB
C:\Студенты\4233\Хасанов\Лаба4\RESULT\DEBUG\RESULT.ILK
C:\Студенты\4233\Хасанов\Лаба4\RESULT\DEBUG\RESULT.EXE
C:\СТУДЕНТЫ\4233\ХАСАНОВ\ЛАБА4\RESULT\DEBUG\RESULT.PDB
C:\Студенты\4233\Хасанов\Лаба4\Result\Result\Debug\Исходный код.obj
C:\Студенты\4233\Хасанов\Лаба4\Result\Result\Debug\cl.command.1.tlog
C:\Студенты\4233\Хасанов\Лаба4\Result\Result\Debug\CL.read.1.tlog
C:\Студенты\4233\Хасанов\Лаба4\Result\Result\Debug\CL.write.1.tlog
C:\Студенты\4233\Хасанов\Лаба4\Result\Result\Debug\link-cvtres.read.1.tlog
C:\Студенты\4233\Хасанов\Лаба4\Result\Result\Debug\link-cvtres.write.1.tlog
C:\Студенты\4233\Хасанов\Лаба4\Result\Result\Debug\link-rc.read.1.tlog
C:\Студенты\4233\Хасанов\Лаба4\Result\Result\Debug\link-rc.write.1.tlog
C:\Студенты\4233\Хасанов\Лаба4\Result\Result\Debug\link.command.1.tlog
C:\Студенты\4233\Хасанов\Лаба4\Result\Result\Debug\link.read.1.tlog
C:\Студенты\4233\Хасанов\Лаба4\Result\Result\Debug\link.write.1.tlog
C:\Студенты\4233\Хасанов\Лаба4\Result\Result\Debug\vc110.idb
C:\Студенты\4233\Хасанов\Лаба4\Result\Result\Debug\vc110.pdb
C:\Студенты\4233\Хасанов\Лаба4\Result\Debug\Result.pdb
C:\Студенты\4233\Хасанов\Лаба4\Result\Debug\Result.exe
C:\Студенты\4233\Хасанов\Лаба4\Result\Debug\Result.ilk
